<?xml version="1.0" encoding="UTF-8"?>
<testsuite xmlns:xsi="http://www.w3.org/2001/XMLSchema-instance" xsi:noNamespaceSchemaLocation="https://maven.apache.org/surefire/maven-surefire-plugin/xsd/surefire-test-report-3.0.xsd" version="3.0" name="com.tgr.script.ingresa_retenciones_tgr" time="67.703" tests="1" errors="0" skipped="0" failures="0">
  <properties>
    <property name="java.specification.version" value="17"/>
    <property name="sun.cpu.isalist" value="amd64"/>
    <property name="sun.jnu.encoding" value="Cp1252"/>
    <property name="java.class.path" value="C:\Users\dsanchez\selenium_tgr\target\test-classes;C:\Users\dsanchez\selenium_tgr\target\classes;C:\Users\dsanchez\.m2\repository\junit\junit\4.13.2\junit-4.13.2.jar;C:\Users\dsanchez\.m2\repository\org\hamcrest\hamcrest-core\1.3\hamcrest-core-1.3.jar;C:\Users\dsanchez\.m2\repository\log4j\log4j\1.2.17\log4j-1.2.17.jar;C:\Users\dsanchez\.m2\repository\log4j\apache-log4j-extras\1.2.17\apache-log4j-extras-1.2.17.jar;C:\Users\dsanchez\.m2\repository\org\seleniumhq\selenium\selenium-api\3.141.59\selenium-api-3.141.59.jar;C:\Users\dsanchez\.m2\repository\org\seleniumhq\selenium\selenium-firefox-driver\3.141.59\selenium-firefox-driver-3.141.59.jar;C:\Users\dsanchez\.m2\repository\org\seleniumhq\selenium\selenium-remote-driver\3.141.59\selenium-remote-driver-3.141.59.jar;C:\Users\dsanchez\.m2\repository\net\bytebuddy\byte-buddy\1.8.15\byte-buddy-1.8.15.jar;C:\Users\dsanchez\.m2\repository\org\apache\commons\commons-exec\1.3\commons-exec-1.3.jar;C:\Users\dsanchez\.m2\repository\com\squareup\okhttp3\okhttp\3.11.0\okhttp-3.11.0.jar;C:\Users\dsanchez\.m2\repository\com\squareup\okio\okio\1.14.0\okio-1.14.0.jar;C:\Users\dsanchez\.m2\repository\com\codeborne\phantomjsdriver\1.4.4\phantomjsdriver-1.4.4.jar;C:\Users\dsanchez\.m2\repository\org\seleniumhq\selenium\selenium-chrome-driver\3.141.59\selenium-chrome-driver-3.141.59.jar;C:\Users\dsanchez\.m2\repository\org\seleniumhq\selenium\selenium-ie-driver\3.141.59\selenium-ie-driver-3.141.59.jar;C:\Users\dsanchez\.m2\repository\org\seleniumhq\selenium\selenium-safari-driver\3.141.59\selenium-safari-driver-3.141.59.jar;C:\Users\dsanchez\.m2\repository\org\seleniumhq\selenium\selenium-iphone-driver\2.39.0\selenium-iphone-driver-2.39.0.jar;C:\Users\dsanchez\.m2\repository\org\seleniumhq\selenium\selenium-android-driver\2.39.0\selenium-android-driver-2.39.0.jar;C:\Users\dsanchez\.m2\repository\org\seleniumhq\selenium\selenium-opera-driver\3.141.59\selenium-opera-driver-3.141.59.jar;C:\Users\dsanchez\.m2\repository\org\apache\httpcomponents\httpclient\4.5.13\httpclient-4.5.13.jar;C:\Users\dsanchez\.m2\repository\org\apache\httpcomponents\httpcore\4.4.13\httpcore-4.4.13.jar;C:\Users\dsanchez\.m2\repository\commons-logging\commons-logging\1.2\commons-logging-1.2.jar;C:\Users\dsanchez\.m2\repository\commons-codec\commons-codec\1.11\commons-codec-1.11.jar;C:\Users\dsanchez\.m2\repository\commons-io\commons-io\1.3.2\commons-io-1.3.2.jar;C:\Users\dsanchez\.m2\repository\org\seleniumhq\selenium\selenium-support\3.141.59\selenium-support-3.141.59.jar;C:\Users\dsanchez\.m2\repository\com\google\guava\guava\30.1.1-jre\guava-30.1.1-jre.jar;C:\Users\dsanchez\.m2\repository\com\google\guava\failureaccess\1.0.1\failureaccess-1.0.1.jar;C:\Users\dsanchez\.m2\repository\com\google\guava\listenablefuture\9999.0-empty-to-avoid-conflict-with-guava\listenablefuture-9999.0-empty-to-avoid-conflict-with-guava.jar;C:\Users\dsanchez\.m2\repository\com\google\code\findbugs\jsr305\3.0.2\jsr305-3.0.2.jar;C:\Users\dsanchez\.m2\repository\org\checkerframework\checker-qual\3.8.0\checker-qual-3.8.0.jar;C:\Users\dsanchez\.m2\repository\com\google\errorprone\error_prone_annotations\2.5.1\error_prone_annotations-2.5.1.jar;C:\Users\dsanchez\.m2\repository\com\google\j2objc\j2objc-annotations\1.3\j2objc-annotations-1.3.jar;"/>
    <property name="java.vm.vendor" value="Oracle Corporation"/>
    <property name="sun.arch.data.model" value="64"/>
    <property name="user.variant" value=""/>
    <property name="java.vendor.url" value="https://java.oracle.com/"/>
    <property name="user.timezone" value="America/Santiago"/>
    <property name="os.name" value="Windows 10"/>
    <property name="java.vm.specification.version" value="17"/>
    <property name="sun.java.launcher" value="SUN_STANDARD"/>
    <property name="user.country" value="CL"/>
    <property name="sun.boot.library.path" value="C:\Program Files\Java\jdk-17\bin"/>
    <property name="sun.java.command" value="C:\Users\dsanchez\AppData\Local\Temp\surefire12103756727515387449\surefirebooter-20230925143041491_3.jar C:\Users\dsanchez\AppData\Local\Temp\surefire12103756727515387449 2023-09-25T14-30-41_289-jvmRun1 surefire-20230925143041491_1tmp surefire_0-20230925143041491_2tmp"/>
    <property name="jdk.debug" value="release"/>
    <property name="test" value="ingresa_retenciones_tgr.java"/>
    <property name="surefire.test.class.path" value="C:\Users\dsanchez\selenium_tgr\target\test-classes;C:\Users\dsanchez\selenium_tgr\target\classes;C:\Users\dsanchez\.m2\repository\junit\junit\4.13.2\junit-4.13.2.jar;C:\Users\dsanchez\.m2\repository\org\hamcrest\hamcrest-core\1.3\hamcrest-core-1.3.jar;C:\Users\dsanchez\.m2\repository\log4j\log4j\1.2.17\log4j-1.2.17.jar;C:\Users\dsanchez\.m2\repository\log4j\apache-log4j-extras\1.2.17\apache-log4j-extras-1.2.17.jar;C:\Users\dsanchez\.m2\repository\org\seleniumhq\selenium\selenium-api\3.141.59\selenium-api-3.141.59.jar;C:\Users\dsanchez\.m2\repository\org\seleniumhq\selenium\selenium-firefox-driver\3.141.59\selenium-firefox-driver-3.141.59.jar;C:\Users\dsanchez\.m2\repository\org\seleniumhq\selenium\selenium-remote-driver\3.141.59\selenium-remote-driver-3.141.59.jar;C:\Users\dsanchez\.m2\repository\net\bytebuddy\byte-buddy\1.8.15\byte-buddy-1.8.15.jar;C:\Users\dsanchez\.m2\repository\org\apache\commons\commons-exec\1.3\commons-exec-1.3.jar;C:\Users\dsanchez\.m2\repository\com\squareup\okhttp3\okhttp\3.11.0\okhttp-3.11.0.jar;C:\Users\dsanchez\.m2\repository\com\squareup\okio\okio\1.14.0\okio-1.14.0.jar;C:\Users\dsanchez\.m2\repository\com\codeborne\phantomjsdriver\1.4.4\phantomjsdriver-1.4.4.jar;C:\Users\dsanchez\.m2\repository\org\seleniumhq\selenium\selenium-chrome-driver\3.141.59\selenium-chrome-driver-3.141.59.jar;C:\Users\dsanchez\.m2\repository\org\seleniumhq\selenium\selenium-ie-driver\3.141.59\selenium-ie-driver-3.141.59.jar;C:\Users\dsanchez\.m2\repository\org\seleniumhq\selenium\selenium-safari-driver\3.141.59\selenium-safari-driver-3.141.59.jar;C:\Users\dsanchez\.m2\repository\org\seleniumhq\selenium\selenium-iphone-driver\2.39.0\selenium-iphone-driver-2.39.0.jar;C:\Users\dsanchez\.m2\repository\org\seleniumhq\selenium\selenium-android-driver\2.39.0\selenium-android-driver-2.39.0.jar;C:\Users\dsanchez\.m2\repository\org\seleniumhq\selenium\selenium-opera-driver\3.141.59\selenium-opera-driver-3.141.59.jar;C:\Users\dsanchez\.m2\repository\org\apache\httpcomponents\httpclient\4.5.13\httpclient-4.5.13.jar;C:\Users\dsanchez\.m2\repository\org\apache\httpcomponents\httpcore\4.4.13\httpcore-4.4.13.jar;C:\Users\dsanchez\.m2\repository\commons-logging\commons-logging\1.2\commons-logging-1.2.jar;C:\Users\dsanchez\.m2\repository\commons-codec\commons-codec\1.11\commons-codec-1.11.jar;C:\Users\dsanchez\.m2\repository\commons-io\commons-io\1.3.2\commons-io-1.3.2.jar;C:\Users\dsanchez\.m2\repository\org\seleniumhq\selenium\selenium-support\3.141.59\selenium-support-3.141.59.jar;C:\Users\dsanchez\.m2\repository\com\google\guava\guava\30.1.1-jre\guava-30.1.1-jre.jar;C:\Users\dsanchez\.m2\repository\com\google\guava\failureaccess\1.0.1\failureaccess-1.0.1.jar;C:\Users\dsanchez\.m2\repository\com\google\guava\listenablefuture\9999.0-empty-to-avoid-conflict-with-guava\listenablefuture-9999.0-empty-to-avoid-conflict-with-guava.jar;C:\Users\dsanchez\.m2\repository\com\google\code\findbugs\jsr305\3.0.2\jsr305-3.0.2.jar;C:\Users\dsanchez\.m2\repository\org\checkerframework\checker-qual\3.8.0\checker-qual-3.8.0.jar;C:\Users\dsanchez\.m2\repository\com\google\errorprone\error_prone_annotations\2.5.1\error_prone_annotations-2.5.1.jar;C:\Users\dsanchez\.m2\repository\com\google\j2objc\j2objc-annotations\1.3\j2objc-annotations-1.3.jar;"/>
    <property name="sun.cpu.endian" value="little"/>
    <property name="user.home" value="C:\Users\dsanchez"/>
    <property name="user.language" value="es"/>
    <property name="java.specification.vendor" value="Oracle Corporation"/>
    <property name="java.version.date" value="2023-07-18"/>
    <property name="java.home" value="C:\Program Files\Java\jdk-17"/>
    <property name="file.separator" value="\"/>
    <property name="basedir" value="C:\Users\dsanchez\selenium_tgr"/>
    <property name="java.vm.compressedOopsMode" value="Zero based"/>
    <property name="line.separator" value="&#10;"/>
    <property name="java.vm.specification.vendor" value="Oracle Corporation"/>
    <property name="java.specification.name" value="Java Platform API Specification"/>
    <property name="surefire.real.class.path" value="C:\Users\dsanchez\AppData\Local\Temp\surefire12103756727515387449\surefirebooter-20230925143041491_3.jar"/>
    <property name="user.script" value=""/>
    <property name="sun.management.compiler" value="HotSpot 64-Bit Tiered Compilers"/>
    <property name="java.runtime.version" value="17.0.8+9-LTS-211"/>
    <property name="user.name" value="dsanchez"/>
    <property name="path.separator" value=";"/>
    <property name="os.version" value="10.0"/>
    <property name="java.runtime.name" value="Java(TM) SE Runtime Environment"/>
    <property name="file.encoding" value="Cp1252"/>
    <property name="java.vm.name" value="Java HotSpot(TM) 64-Bit Server VM"/>
    <property name="localRepository" value="C:\Users\dsanchez\.m2\repository"/>
    <property name="java.vendor.url.bug" value="https://bugreport.java.com/bugreport/"/>
    <property name="java.io.tmpdir" value="C:\Users\dsanchez\AppData\Local\Temp\"/>
    <property name="java.version" value="17.0.8"/>
    <property name="user.dir" value="C:\Users\dsanchez\selenium_tgr"/>
    <property name="os.arch" value="amd64"/>
    <property name="java.vm.specification.name" value="Java Virtual Machine Specification"/>
    <property name="sun.os.patch.level" value=""/>
    <property name="native.encoding" value="Cp1252"/>
    <property name="java.library.path" value="C:\Program Files\Java\jdk-17\bin;C:\windows\Sun\Java\bin;C:\windows\system32;C:\windows;C:\Program Files\Git\bin;C:\Program Files\Java\jdk-20\bin;C:\Program Files\Java\jre-1.8\bin;C:\Program Files\Common Files\Oracle\Java\javapath;C:\Program Files (x86)\Common Files\Oracle\Java\javapath;C:\ProgramData\Oracle\Java\javapath;C:\windows\system32;C:\windows;C:\windows\System32\Wbem;C:\windows\System32\WindowsPowerShell\v1.0\;C:\windows\System32\OpenSSH\;C:\Program Files\PuTTY\;C:\Program Files\nodejs\;C:\apache-maven-3.9.4\bin;C:\Program Files\Git\cmd;C:\Program Files\Git\bin;C:\Program Files\Java\jdk-20\bin;C:\apache-maven-3.9.4\bin;C:\Program Files\Java\jre-1.8\bin;C:\Users\dsanchez\AppData\Local\Microsoft\WindowsApps;C:\Users\dsanchez\AppData\Local\Programs\Microsoft VS Code\bin;C:\Users\dsanchez\AppData\Roaming\npm;C:\Users\dsanchez\AppData\Local\Programs\Git\cmd;C:\Program Files\Git\mingw64\bin;C:\Program Files\Git\usr\bin;C:\Users\dsanchez\cmder\vendor\bin;C:\Users\dsanchez\cmder\bin;C:\Users\dsanchez\cmder;."/>
    <property name="java.vm.info" value="mixed mode, sharing"/>
    <property name="java.vendor" value="Oracle Corporation"/>
    <property name="java.vm.version" value="17.0.8+9-LTS-211"/>
    <property name="sun.io.unicode.encoding" value="UnicodeLittle"/>
    <property name="java.class.version" value="61.0"/>
  </properties>
  <testcase name="test" classname="com.tgr.script.ingresa_retenciones_tgr" time="67.648">
    <system-out><![CDATA[2023-09-25 14:30:42,042 [main] INFO  com.tgr.selenium.abs.AbsTest - INICIANDO @BEFORE setUp():com.tgr.script.ingresa_retenciones_tgr
2023-09-25 14:30:42,044 [main] INFO  com.tgr.selenium.abs.AbsTest - setUp():ES WINDOWS
2023-09-25 14:30:43,644 [main] INFO  com.tgr.javaee.propiedades.DatosSistema - Obtener Propiedades - init
2023-09-25 14:30:43,644 [main] INFO  com.tgr.javaee.propiedades.DatosSistema - Cargar Propiedades - end
2023-09-25 14:30:43,644 [main] INFO  com.tgr.javaee.propiedades.DatosSistema - Obtener Propiedades - end
2023-09-25 14:30:43,644 [main] INFO  com.tgr.javaee.propiedades.DatosSistema - Obtener Propiedades - end
2023-09-25 14:30:47,051 [main] INFO  com.tgr.selenium.abs.AbsTest - Captura de pantalla URL: http://192.168.24.100/SistemaGestionNewWeb/index - Nombre imagen: paso 1 Ingresa a sistema gestion.png
2023-09-25 14:30:47,220 [main] INFO  com.tgr.javaee.propiedades.DatosSistema - Obtener Propiedades - end
2023-09-25 14:30:47,285 [main] INFO  com.tgr.selenium.abs.AbsTest - INICIO -----> ESPERA:2 / SEGUNDOS
2023-09-25 14:30:49,294 [main] INFO  com.tgr.selenium.abs.AbsTest - FIN    -----> ESPERA:2 / SEGUNDOS
2023-09-25 14:30:49,294 [main] INFO  com.tgr.javaee.propiedades.DatosSistema - Obtener Propiedades - end
2023-09-25 14:30:49,941 [main] INFO  com.tgr.selenium.abs.AbsTest - INICIO -----> ESPERA:2 / SEGUNDOS
2023-09-25 14:30:51,948 [main] INFO  com.tgr.selenium.abs.AbsTest - FIN    -----> ESPERA:2 / SEGUNDOS
2023-09-25 14:30:51,948 [main] INFO  com.tgr.selenium.abs.AbsTest - Captura de pantalla URL: http://192.168.24.100/SistemaGestionNewWeb/index - Nombre imagen: paso 2 realiza Login.png
2023-09-25 14:30:52,145 [main] INFO  com.tgr.selenium.abs.AbsTest - INICIO -----> ESPERA:2 / SEGUNDOS
2023-09-25 14:30:54,160 [main] INFO  com.tgr.selenium.abs.AbsTest - FIN    -----> ESPERA:2 / SEGUNDOS
2023-09-25 14:30:54,160 [main] INFO  com.tgr.selenium.abs.AbsTest - Captura de pantalla URL: http://192.168.24.100/SistemaGestionNewWeb/index - Nombre imagen: paso 3 Retenciones y Compensaciones.png
2023-09-25 14:30:54,342 [main] INFO  com.tgr.selenium.abs.AbsTest - INICIO -----> ESPERA:2 / SEGUNDOS
2023-09-25 14:30:56,347 [main] INFO  com.tgr.selenium.abs.AbsTest - FIN    -----> ESPERA:2 / SEGUNDOS
2023-09-25 14:30:56,467 [main] INFO  com.tgr.selenium.abs.AbsTest - INICIO -----> ESPERA:2 / SEGUNDOS
2023-09-25 14:30:58,480 [main] INFO  com.tgr.selenium.abs.AbsTest - FIN    -----> ESPERA:2 / SEGUNDOS
2023-09-25 14:30:58,549 [main] INFO  com.tgr.selenium.abs.AbsTest - INICIO -----> ESPERA:3 / SEGUNDOS
2023-09-25 14:31:01,555 [main] INFO  com.tgr.selenium.abs.AbsTest - FIN    -----> ESPERA:3 / SEGUNDOS
2023-09-25 14:31:01,555 [main] INFO  com.tgr.selenium.abs.AbsTest - Captura de pantalla URL: https://test.tesoreria.cl/CRC/Controller.jpf - Nombre imagen: paso 4 Retenciones y Compensaciones menu.png
2023-09-25 14:31:01,785 [main] INFO  com.tgr.selenium.abs.AbsTest - INICIO -----> ESPERA:2 / SEGUNDOS
2023-09-25 14:31:03,791 [main] INFO  com.tgr.selenium.abs.AbsTest - FIN    -----> ESPERA:2 / SEGUNDOS
2023-09-25 14:31:03,836 [main] INFO  com.tgr.selenium.abs.AbsTest - INICIO -----> ESPERA:2 / SEGUNDOS
2023-09-25 14:31:05,843 [main] INFO  com.tgr.selenium.abs.AbsTest - FIN    -----> ESPERA:2 / SEGUNDOS
2023-09-25 14:31:05,930 [main] INFO  com.tgr.selenium.abs.AbsTest - INICIO -----> ESPERA:2 / SEGUNDOS
2023-09-25 14:31:07,939 [main] INFO  com.tgr.selenium.abs.AbsTest - FIN    -----> ESPERA:2 / SEGUNDOS
2023-09-25 14:31:07,939 [main] INFO  com.tgr.selenium.abs.AbsTest - Captura de pantalla URL: https://test.tesoreria.cl/CRC/Controller.jpf - Nombre imagen:  paso 5 Retenciones y Compensaciones rut.png
2023-09-25 14:31:08,252 [main] INFO  com.tgr.selenium.abs.AbsTest - INICIO -----> ESPERA:2 / SEGUNDOS
2023-09-25 14:31:10,256 [main] INFO  com.tgr.selenium.abs.AbsTest - FIN    -----> ESPERA:2 / SEGUNDOS
2023-09-25 14:31:10,256 [main] INFO  com.tgr.selenium.abs.AbsTest - Captura de pantalla URL: https://test.tesoreria.cl/CRC/Controller.jpf - Nombre imagen: paso 6 Retenciones y Compensaciones mandato.png
2023-09-25 14:31:10,536 [main] INFO  com.tgr.selenium.abs.AbsTest - INICIO -----> ESPERA:2 / SEGUNDOS
2023-09-25 14:31:12,546 [main] INFO  com.tgr.selenium.abs.AbsTest - FIN    -----> ESPERA:2 / SEGUNDOS
2023-09-25 14:31:12,546 [main] INFO  com.tgr.selenium.abs.AbsTest - Captura de pantalla URL: https://test.tesoreria.cl/CRC/Controller.jpf - Nombre imagen: paso 7 Retenciones y Compensaciones normal.png
2023-09-25 14:31:13,098 [main] INFO  com.tgr.selenium.abs.AbsTest - INICIO -----> ESPERA:3 / SEGUNDOS
2023-09-25 14:31:16,107 [main] INFO  com.tgr.selenium.abs.AbsTest - FIN    -----> ESPERA:3 / SEGUNDOS
2023-09-25 14:31:16,156 [main] INFO  com.tgr.selenium.abs.AbsTest - INICIO -----> ESPERA:2 / SEGUNDOS
2023-09-25 14:31:18,169 [main] INFO  com.tgr.selenium.abs.AbsTest - FIN    -----> ESPERA:2 / SEGUNDOS
2023-09-25 14:31:18,174 [main] INFO  com.tgr.selenium.abs.AbsTest - Captura de pantalla URL: https://test.tesoreria.cl/CRC/Controller.jpf - Nombre imagen: paso 8 Retenciones y Compensaciones formulario.png
2023-09-25 14:31:18,440 [main] INFO  com.tgr.selenium.abs.AbsTest - INICIO -----> ESPERA:2 / SEGUNDOS
2023-09-25 14:31:20,451 [main] INFO  com.tgr.selenium.abs.AbsTest - FIN    -----> ESPERA:2 / SEGUNDOS
2023-09-25 14:31:20,451 [main] INFO  com.tgr.selenium.abs.AbsTest - Captura de pantalla URL: https://test.tesoreria.cl/CRC/Controller.jpf - Nombre imagen: paso 8 Retenciones y Compensaciones fecha.png
2023-09-25 14:31:20,654 [main] INFO  com.tgr.selenium.abs.AbsTest - INICIO -----> ESPERA:2 / SEGUNDOS
2023-09-25 14:31:22,669 [main] INFO  com.tgr.selenium.abs.AbsTest - FIN    -----> ESPERA:2 / SEGUNDOS
2023-09-25 14:31:22,669 [main] INFO  com.tgr.selenium.abs.AbsTest - Captura de pantalla URL: https://test.tesoreria.cl/CRC/Controller.jpf - Nombre imagen: paso 9 Retenciones y Compensaciones check box nuevo.png
2023-09-25 14:31:22,856 [main] INFO  com.tgr.selenium.abs.AbsTest - INICIO -----> ESPERA:2 / SEGUNDOS
2023-09-25 14:31:24,859 [main] INFO  com.tgr.selenium.abs.AbsTest - FIN    -----> ESPERA:2 / SEGUNDOS
2023-09-25 14:31:24,859 [main] INFO  com.tgr.selenium.abs.AbsTest - Captura de pantalla URL: https://test.tesoreria.cl/CRC/Controller.jpf - Nombre imagen: paso 10 Retenciones y Compensaciones monto retener.png
2023-09-25 14:31:25,144 [main] INFO  com.tgr.selenium.abs.AbsTest - INICIO -----> ESPERA:2 / SEGUNDOS
2023-09-25 14:31:27,157 [main] INFO  com.tgr.selenium.abs.AbsTest - FIN    -----> ESPERA:2 / SEGUNDOS
2023-09-25 14:31:27,157 [main] INFO  com.tgr.selenium.abs.AbsTest - Captura de pantalla URL: https://test.tesoreria.cl/CRC/Controller.jpf - Nombre imagen:  paso 11 Retenciones y Compensaciones ingreso moneda.png
2023-09-25 14:31:27,444 [main] INFO  com.tgr.selenium.abs.AbsTest - INICIO -----> ESPERA:2 / SEGUNDOS
2023-09-25 14:31:29,449 [main] INFO  com.tgr.selenium.abs.AbsTest - FIN    -----> ESPERA:2 / SEGUNDOS
2023-09-25 14:31:29,449 [main] INFO  com.tgr.selenium.abs.AbsTest - Captura de pantalla URL: https://test.tesoreria.cl/CRC/Controller.jpf - Nombre imagen: paso 12 Retenciones y Compensaciones ingreso medio de pago.png
2023-09-25 14:31:29,729 [main] INFO  com.tgr.selenium.abs.AbsTest - INICIO -----> ESPERA:2 / SEGUNDOS
2023-09-25 14:31:31,744 [main] INFO  com.tgr.selenium.abs.AbsTest - FIN    -----> ESPERA:2 / SEGUNDOS
2023-09-25 14:31:31,744 [main] INFO  com.tgr.selenium.abs.AbsTest - Captura de pantalla URL: https://test.tesoreria.cl/CRC/Controller.jpf - Nombre imagen: paso 13 Retenciones y Compensaciones fecha mandato.png
2023-09-25 14:31:31,970 [main] INFO  com.tgr.selenium.abs.AbsTest - INICIO -----> ESPERA:2 / SEGUNDOS
2023-09-25 14:31:33,984 [main] INFO  com.tgr.selenium.abs.AbsTest - FIN    -----> ESPERA:2 / SEGUNDOS
2023-09-25 14:31:33,984 [main] INFO  com.tgr.selenium.abs.AbsTest - Captura de pantalla URL: https://test.tesoreria.cl/CRC/Controller.jpf - Nombre imagen: paso 14 Retenciones y Compensaciones rut mandatario.png
2023-09-25 14:31:34,172 [main] INFO  com.tgr.selenium.abs.AbsTest - INICIO -----> ESPERA:2 / SEGUNDOS
2023-09-25 14:31:36,185 [main] INFO  com.tgr.selenium.abs.AbsTest - FIN    -----> ESPERA:2 / SEGUNDOS
2023-09-25 14:31:36,185 [main] INFO  com.tgr.selenium.abs.AbsTest - Captura de pantalla URL: https://test.tesoreria.cl/CRC/Controller.jpf - Nombre imagen: paso 15 Retenciones y Compensaciones ingresa OBS.png
2023-09-25 14:31:36,995 [main] INFO  com.tgr.selenium.abs.AbsTest - INICIO -----> ESPERA:2 / SEGUNDOS
2023-09-25 14:31:39,001 [main] INFO  com.tgr.selenium.abs.AbsTest - FIN    -----> ESPERA:2 / SEGUNDOS
2023-09-25 14:31:39,366 [main] INFO  com.tgr.selenium.abs.AbsTest - INICIO -----> ESPERA:2 / SEGUNDOS
2023-09-25 14:31:41,375 [main] INFO  com.tgr.selenium.abs.AbsTest - FIN    -----> ESPERA:2 / SEGUNDOS
2023-09-25 14:31:41,375 [main] INFO  com.tgr.selenium.abs.AbsTest - Captura de pantalla URL: https://test.tesoreria.cl/CRC/Controller.jpf - Nombre imagen: paso 16 Retenciones y Compensaciones confirmar datos.png
2023-09-25 14:31:41,812 [main] INFO  com.tgr.selenium.abs.AbsTest - INICIO -----> ESPERA:2 / SEGUNDOS
2023-09-25 14:31:43,827 [main] INFO  com.tgr.selenium.abs.AbsTest - FIN    -----> ESPERA:2 / SEGUNDOS
2023-09-25 14:31:43,827 [main] INFO  com.tgr.selenium.abs.AbsTest - Captura de pantalla URL: https://test.tesoreria.cl/CRC/Controller.jpf - Nombre imagen: paso 17 Retenciones y Compensaciones continuar.png
2023-09-25 14:31:44,369 [main] INFO  com.tgr.selenium.abs.AbsTest - INICIO -----> ESPERA:2 / SEGUNDOS
2023-09-25 14:31:46,380 [main] INFO  com.tgr.selenium.abs.AbsTest - FIN    -----> ESPERA:2 / SEGUNDOS
2023-09-25 14:31:46,380 [main] INFO  com.tgr.selenium.abs.AbsTest - Captura de pantalla URL: https://test.tesoreria.cl/CRC/Controller.jpf - Nombre imagen: paso 18 Retenciones y Compensaciones confirma datos.png
2023-09-25 14:31:46,517 [main] INFO  com.tgr.selenium.abs.AbsTest - INICIO -----> ESPERA:2 / SEGUNDOS
2023-09-25 14:31:48,525 [main] INFO  com.tgr.selenium.abs.AbsTest - FIN    -----> ESPERA:2 / SEGUNDOS
2023-09-25 14:31:48,525 [main] INFO  com.tgr.selenium.abs.AbsTest - Captura de pantalla URL: https://test.tesoreria.cl/CRC/Controller.jpf - Nombre imagen: paso 19 Retenciones y Compensaciones operacion exitosa.png
2023-09-25 14:31:49,589 [main] INFO  com.tgr.selenium.abs.AbsTest - INICIANDO @AFTER tearDown():com.tgr.script.ingresa_retenciones_tgr
]]></system-out>
    <system-err><![CDATA[Starting ChromeDriver 117.0.5938.62 (25a7172909a4cba7355365cf424d7d7eb35231f4-refs/branch-heads/5938@{#1146}) on port 5552
Only local connections are allowed.
Please see https://chromedriver.chromium.org/security-considerations for suggestions on keeping ChromeDriver safe.
ChromeDriver was started successfully.
sep. 25, 2023 2:30:43 P. M. org.openqa.selenium.remote.ProtocolHandshake createSession
INFO: Detected dialect: W3C
]]></system-err>
  </testcase>
</testsuite>