<?xml version="1.0" encoding="UTF-8"?>
<testsuite xmlns:xsi="http://www.w3.org/2001/XMLSchema-instance" xsi:noNamespaceSchemaLocation="https://maven.apache.org/surefire/maven-surefire-plugin/xsd/surefire-test-report-3.0.xsd" version="3.0" name="com.tgr.script.Prueba_web_menu_pagos_3_multas_tgr" time="184.803" tests="1" errors="0" skipped="0" failures="0">
  <properties>
    <property name="java.specification.version" value="17"/>
    <property name="sun.cpu.isalist" value="amd64"/>
    <property name="sun.jnu.encoding" value="Cp1252"/>
    <property name="java.class.path" value="C:\Users\Emerg\selenium_tgr\target\test-classes;C:\Users\Emerg\selenium_tgr\target\classes;C:\Users\Emerg\.m2\repository\junit\junit\4.13.2\junit-4.13.2.jar;C:\Users\Emerg\.m2\repository\org\hamcrest\hamcrest-core\1.3\hamcrest-core-1.3.jar;C:\Users\Emerg\.m2\repository\log4j\log4j\1.2.17\log4j-1.2.17.jar;C:\Users\Emerg\.m2\repository\log4j\apache-log4j-extras\1.2.17\apache-log4j-extras-1.2.17.jar;C:\Users\Emerg\.m2\repository\org\seleniumhq\selenium\selenium-api\3.141.59\selenium-api-3.141.59.jar;C:\Users\Emerg\.m2\repository\org\seleniumhq\selenium\selenium-firefox-driver\3.141.59\selenium-firefox-driver-3.141.59.jar;C:\Users\Emerg\.m2\repository\org\seleniumhq\selenium\selenium-remote-driver\3.141.59\selenium-remote-driver-3.141.59.jar;C:\Users\Emerg\.m2\repository\net\bytebuddy\byte-buddy\1.8.15\byte-buddy-1.8.15.jar;C:\Users\Emerg\.m2\repository\org\apache\commons\commons-exec\1.3\commons-exec-1.3.jar;C:\Users\Emerg\.m2\repository\com\squareup\okhttp3\okhttp\3.11.0\okhttp-3.11.0.jar;C:\Users\Emerg\.m2\repository\com\squareup\okio\okio\1.14.0\okio-1.14.0.jar;C:\Users\Emerg\.m2\repository\com\codeborne\phantomjsdriver\1.4.4\phantomjsdriver-1.4.4.jar;C:\Users\Emerg\.m2\repository\org\seleniumhq\selenium\selenium-chrome-driver\3.141.59\selenium-chrome-driver-3.141.59.jar;C:\Users\Emerg\.m2\repository\org\seleniumhq\selenium\selenium-ie-driver\3.141.59\selenium-ie-driver-3.141.59.jar;C:\Users\Emerg\.m2\repository\org\seleniumhq\selenium\selenium-safari-driver\3.141.59\selenium-safari-driver-3.141.59.jar;C:\Users\Emerg\.m2\repository\org\seleniumhq\selenium\selenium-iphone-driver\2.39.0\selenium-iphone-driver-2.39.0.jar;C:\Users\Emerg\.m2\repository\org\seleniumhq\selenium\selenium-android-driver\2.39.0\selenium-android-driver-2.39.0.jar;C:\Users\Emerg\.m2\repository\org\seleniumhq\selenium\selenium-opera-driver\3.141.59\selenium-opera-driver-3.141.59.jar;C:\Users\Emerg\.m2\repository\org\apache\httpcomponents\httpclient\4.5.13\httpclient-4.5.13.jar;C:\Users\Emerg\.m2\repository\org\apache\httpcomponents\httpcore\4.4.13\httpcore-4.4.13.jar;C:\Users\Emerg\.m2\repository\commons-logging\commons-logging\1.2\commons-logging-1.2.jar;C:\Users\Emerg\.m2\repository\commons-codec\commons-codec\1.11\commons-codec-1.11.jar;C:\Users\Emerg\.m2\repository\commons-io\commons-io\1.3.2\commons-io-1.3.2.jar;C:\Users\Emerg\.m2\repository\org\seleniumhq\selenium\selenium-support\3.141.59\selenium-support-3.141.59.jar;C:\Users\Emerg\.m2\repository\com\google\guava\guava\30.1.1-jre\guava-30.1.1-jre.jar;C:\Users\Emerg\.m2\repository\com\google\guava\failureaccess\1.0.1\failureaccess-1.0.1.jar;C:\Users\Emerg\.m2\repository\com\google\guava\listenablefuture\9999.0-empty-to-avoid-conflict-with-guava\listenablefuture-9999.0-empty-to-avoid-conflict-with-guava.jar;C:\Users\Emerg\.m2\repository\com\google\code\findbugs\jsr305\3.0.2\jsr305-3.0.2.jar;C:\Users\Emerg\.m2\repository\org\checkerframework\checker-qual\3.8.0\checker-qual-3.8.0.jar;C:\Users\Emerg\.m2\repository\com\google\errorprone\error_prone_annotations\2.5.1\error_prone_annotations-2.5.1.jar;C:\Users\Emerg\.m2\repository\com\google\j2objc\j2objc-annotations\1.3\j2objc-annotations-1.3.jar;"/>
    <property name="java.vm.vendor" value="Oracle Corporation"/>
    <property name="sun.arch.data.model" value="64"/>
    <property name="user.variant" value=""/>
    <property name="java.vendor.url" value="https://java.oracle.com/"/>
    <property name="user.timezone" value="America/Santiago"/>
    <property name="os.name" value="Windows 11"/>
    <property name="java.vm.specification.version" value="17"/>
    <property name="sun.java.launcher" value="SUN_STANDARD"/>
    <property name="user.country" value="CL"/>
    <property name="sun.boot.library.path" value="C:\Program Files\Java\jdk-17\bin"/>
    <property name="sun.java.command" value="C:\Users\Emerg\AppData\Local\Temp\surefire13527339331702383375\surefirebooter-20230922174944400_3.jar C:\Users\Emerg\AppData\Local\Temp\surefire13527339331702383375 2023-09-22T17-49-44_293-jvmRun1 surefire-20230922174944400_1tmp surefire_0-20230922174944400_2tmp"/>
    <property name="jdk.debug" value="release"/>
    <property name="test" value="Prueba_web_menu_pagos_3_multas_tgr.java"/>
    <property name="surefire.test.class.path" value="C:\Users\Emerg\selenium_tgr\target\test-classes;C:\Users\Emerg\selenium_tgr\target\classes;C:\Users\Emerg\.m2\repository\junit\junit\4.13.2\junit-4.13.2.jar;C:\Users\Emerg\.m2\repository\org\hamcrest\hamcrest-core\1.3\hamcrest-core-1.3.jar;C:\Users\Emerg\.m2\repository\log4j\log4j\1.2.17\log4j-1.2.17.jar;C:\Users\Emerg\.m2\repository\log4j\apache-log4j-extras\1.2.17\apache-log4j-extras-1.2.17.jar;C:\Users\Emerg\.m2\repository\org\seleniumhq\selenium\selenium-api\3.141.59\selenium-api-3.141.59.jar;C:\Users\Emerg\.m2\repository\org\seleniumhq\selenium\selenium-firefox-driver\3.141.59\selenium-firefox-driver-3.141.59.jar;C:\Users\Emerg\.m2\repository\org\seleniumhq\selenium\selenium-remote-driver\3.141.59\selenium-remote-driver-3.141.59.jar;C:\Users\Emerg\.m2\repository\net\bytebuddy\byte-buddy\1.8.15\byte-buddy-1.8.15.jar;C:\Users\Emerg\.m2\repository\org\apache\commons\commons-exec\1.3\commons-exec-1.3.jar;C:\Users\Emerg\.m2\repository\com\squareup\okhttp3\okhttp\3.11.0\okhttp-3.11.0.jar;C:\Users\Emerg\.m2\repository\com\squareup\okio\okio\1.14.0\okio-1.14.0.jar;C:\Users\Emerg\.m2\repository\com\codeborne\phantomjsdriver\1.4.4\phantomjsdriver-1.4.4.jar;C:\Users\Emerg\.m2\repository\org\seleniumhq\selenium\selenium-chrome-driver\3.141.59\selenium-chrome-driver-3.141.59.jar;C:\Users\Emerg\.m2\repository\org\seleniumhq\selenium\selenium-ie-driver\3.141.59\selenium-ie-driver-3.141.59.jar;C:\Users\Emerg\.m2\repository\org\seleniumhq\selenium\selenium-safari-driver\3.141.59\selenium-safari-driver-3.141.59.jar;C:\Users\Emerg\.m2\repository\org\seleniumhq\selenium\selenium-iphone-driver\2.39.0\selenium-iphone-driver-2.39.0.jar;C:\Users\Emerg\.m2\repository\org\seleniumhq\selenium\selenium-android-driver\2.39.0\selenium-android-driver-2.39.0.jar;C:\Users\Emerg\.m2\repository\org\seleniumhq\selenium\selenium-opera-driver\3.141.59\selenium-opera-driver-3.141.59.jar;C:\Users\Emerg\.m2\repository\org\apache\httpcomponents\httpclient\4.5.13\httpclient-4.5.13.jar;C:\Users\Emerg\.m2\repository\org\apache\httpcomponents\httpcore\4.4.13\httpcore-4.4.13.jar;C:\Users\Emerg\.m2\repository\commons-logging\commons-logging\1.2\commons-logging-1.2.jar;C:\Users\Emerg\.m2\repository\commons-codec\commons-codec\1.11\commons-codec-1.11.jar;C:\Users\Emerg\.m2\repository\commons-io\commons-io\1.3.2\commons-io-1.3.2.jar;C:\Users\Emerg\.m2\repository\org\seleniumhq\selenium\selenium-support\3.141.59\selenium-support-3.141.59.jar;C:\Users\Emerg\.m2\repository\com\google\guava\guava\30.1.1-jre\guava-30.1.1-jre.jar;C:\Users\Emerg\.m2\repository\com\google\guava\failureaccess\1.0.1\failureaccess-1.0.1.jar;C:\Users\Emerg\.m2\repository\com\google\guava\listenablefuture\9999.0-empty-to-avoid-conflict-with-guava\listenablefuture-9999.0-empty-to-avoid-conflict-with-guava.jar;C:\Users\Emerg\.m2\repository\com\google\code\findbugs\jsr305\3.0.2\jsr305-3.0.2.jar;C:\Users\Emerg\.m2\repository\org\checkerframework\checker-qual\3.8.0\checker-qual-3.8.0.jar;C:\Users\Emerg\.m2\repository\com\google\errorprone\error_prone_annotations\2.5.1\error_prone_annotations-2.5.1.jar;C:\Users\Emerg\.m2\repository\com\google\j2objc\j2objc-annotations\1.3\j2objc-annotations-1.3.jar;"/>
    <property name="sun.cpu.endian" value="little"/>
    <property name="user.home" value="C:\Users\Emerg"/>
    <property name="user.language" value="es"/>
    <property name="java.specification.vendor" value="Oracle Corporation"/>
    <property name="java.version.date" value="2023-07-18"/>
    <property name="java.home" value="C:\Program Files\Java\jdk-17"/>
    <property name="file.separator" value="\"/>
    <property name="basedir" value="C:\Users\Emerg\selenium_tgr"/>
    <property name="java.vm.compressedOopsMode" value="Zero based"/>
    <property name="line.separator" value="&#10;"/>
    <property name="java.vm.specification.vendor" value="Oracle Corporation"/>
    <property name="java.specification.name" value="Java Platform API Specification"/>
    <property name="surefire.real.class.path" value="C:\Users\Emerg\AppData\Local\Temp\surefire13527339331702383375\surefirebooter-20230922174944400_3.jar"/>
    <property name="user.script" value=""/>
    <property name="sun.management.compiler" value="HotSpot 64-Bit Tiered Compilers"/>
    <property name="java.runtime.version" value="17.0.8+9-LTS-211"/>
    <property name="user.name" value="Emerg"/>
    <property name="path.separator" value=";"/>
    <property name="os.version" value="10.0"/>
    <property name="java.runtime.name" value="Java(TM) SE Runtime Environment"/>
    <property name="file.encoding" value="Cp1252"/>
    <property name="java.vm.name" value="Java HotSpot(TM) 64-Bit Server VM"/>
    <property name="localRepository" value="C:\Users\Emerg\.m2\repository"/>
    <property name="java.vendor.url.bug" value="https://bugreport.java.com/bugreport/"/>
    <property name="java.io.tmpdir" value="C:\Users\Emerg\AppData\Local\Temp\"/>
    <property name="java.version" value="17.0.8"/>
    <property name="user.dir" value="C:\Users\Emerg\selenium_tgr"/>
    <property name="os.arch" value="amd64"/>
    <property name="java.vm.specification.name" value="Java Virtual Machine Specification"/>
    <property name="sun.os.patch.level" value=""/>
    <property name="native.encoding" value="Cp1252"/>
    <property name="java.library.path" value="C:\Program Files\Java\jdk-17\bin;C:\WINDOWS\Sun\Java\bin;C:\WINDOWS\system32;C:\WINDOWS;C:\Users\Emerg\cmder\vendor\git-for-windows\cmd;C:\Program Files\Git\bin;C:\apache-maven-3.9.4\bin;C:\Program Files\Java\jre-1.8\bin;C:\Program Files\Java\jdk-17\bin;C:\Program Files\Common Files\Oracle\Java\javapath;C:\Program Files (x86)\Common Files\Oracle\Java\javapath;C:\Python311\Scripts\;C:\Python311\;C:\WINDOWS\system32;C:\WINDOWS;C:\WINDOWS\System32\Wbem;C:\WINDOWS\System32\WindowsPowerShell\v1.0\;C:\WINDOWS\System32\OpenSSH\;C:\Program Files\Amazon\AWSCLIV2\;C:\Program Files\PuTTY\;C:\ProgramData\chocolatey\bin;C:\Program Files\nodejs\;C:\Program Files\Git\bin;C:\apache-maven-3.9.4\bin;C:\Program Files\Java\jre-1.8\bin;C:\Program Files\Java\jdk-17\bin;C:\Users\Emerg\AppData\Local\Microsoft\WindowsApps;C:\Users\Emerg\AppData\Local\Programs\Microsoft VS Code\bin;C:\Windows\system32;C:\Users\Emerg\AppData\Roaming\npm;C:\Users\Emerg\cmder\vendor\git-for-windows\mingw64\bin;C:\Users\Emerg\cmder\vendor\git-for-windows\usr\bin;C:\Users\Emerg\cmder\vendor\bin;C:\Users\Emerg\cmder\bin;C:\Users\Emerg\cmder;."/>
    <property name="java.vm.info" value="mixed mode, sharing"/>
    <property name="java.vendor" value="Oracle Corporation"/>
    <property name="java.vm.version" value="17.0.8+9-LTS-211"/>
    <property name="sun.io.unicode.encoding" value="UnicodeLittle"/>
    <property name="java.class.version" value="61.0"/>
  </properties>
  <testcase name="test" classname="com.tgr.script.Prueba_web_menu_pagos_3_multas_tgr" time="184.766">
    <system-out><![CDATA[2023-09-22 17:49:44,705 [main] INFO  com.tgr.selenium.abs.AbsTest - INICIANDO @BEFORE setUp():com.tgr.script.Prueba_web_menu_pagos_3_multas_tgr
2023-09-22 17:49:44,707 [main] INFO  com.tgr.selenium.abs.AbsTest - setUp():ES WINDOWS
2023-09-22 17:49:45,682 [main] INFO  com.tgr.javaee.propiedades.DatosSistema - Obtener Propiedades - init
2023-09-22 17:49:45,683 [main] INFO  com.tgr.javaee.propiedades.DatosSistema - Cargar Propiedades - end
2023-09-22 17:49:45,683 [main] INFO  com.tgr.javaee.propiedades.DatosSistema - Obtener Propiedades - end
2023-09-22 17:49:45,685 [main] INFO  com.tgr.javaee.propiedades.DatosSistema - Obtener Propiedades - end
2023-09-22 17:49:49,443 [main] INFO  com.tgr.selenium.abs.AbsTest - INICIO -----> ESPERA:3 / SEGUNDOS
2023-09-22 17:49:52,451 [main] INFO  com.tgr.selenium.abs.AbsTest - FIN    -----> ESPERA:3 / SEGUNDOS
2023-09-22 17:49:52,460 [main] INFO  com.tgr.selenium.abs.AbsTest - Captura de pantalla URL: https://www.tgr.cl/ - Nombre imagen:  Paso 01 Ingresa a sitio web.png
2023-09-22 17:49:52,945 [main] INFO  com.tgr.selenium.abs.AbsTest - Captura de pantalla URL: https://www.tgr.cl/ - Nombre imagen: Ingresa menu de sitio web.png
2023-09-22 17:49:53,177 [main] INFO  com.tgr.selenium.abs.AbsTest - Captura de pantalla URL: https://www.tgr.cl/ - Nombre imagen: Ingresa menu multas patentes y otros.png
2023-09-22 17:49:54,846 [main] INFO  com.tgr.selenium.abs.AbsTest - INICIO -----> ESPERA:3 / SEGUNDOS
2023-09-22 17:49:57,855 [main] INFO  com.tgr.selenium.abs.AbsTest - FIN    -----> ESPERA:3 / SEGUNDOS
2023-09-22 17:49:57,868 [main] INFO  com.tgr.selenium.abs.AbsTest - INICIO -----> ESPERA:5 / SEGUNDOS
2023-09-22 17:50:02,871 [main] INFO  com.tgr.selenium.abs.AbsTest - FIN    -----> ESPERA:5 / SEGUNDOS
2023-09-22 17:50:02,876 [main] INFO  com.tgr.selenium.abs.AbsTest - Captura de pantalla URL: https://www.tgr.cl/nueva-forma-de-pagar-tus-multas-y-patentes/ - Nombre imagen: Multas de la Comision del Mercado Financiero.png
2023-09-22 17:50:04,483 [main] INFO  com.tgr.selenium.abs.AbsTest - INICIO -----> ESPERA:3 / SEGUNDOS
2023-09-22 17:50:07,494 [main] INFO  com.tgr.selenium.abs.AbsTest - FIN    -----> ESPERA:3 / SEGUNDOS
2023-09-22 17:50:07,508 [main] INFO  com.tgr.selenium.abs.AbsTest - INICIO -----> ESPERA:5 / SEGUNDOS
2023-09-22 17:50:12,519 [main] INFO  com.tgr.selenium.abs.AbsTest - FIN    -----> ESPERA:5 / SEGUNDOS
2023-09-22 17:50:12,532 [main] INFO  com.tgr.selenium.abs.AbsTest - Captura de pantalla URL: https://www.tgr.cl/nueva-forma-de-pagar-tus-multas-y-patentes/ - Nombre imagen: Multas sernac.png
2023-09-22 17:50:17,048 [main] INFO  com.tgr.selenium.abs.AbsTest - INICIO -----> ESPERA:3 / SEGUNDOS
2023-09-22 17:50:20,052 [main] INFO  com.tgr.selenium.abs.AbsTest - FIN    -----> ESPERA:3 / SEGUNDOS
2023-09-22 17:50:20,074 [main] INFO  com.tgr.selenium.abs.AbsTest - INICIO -----> ESPERA:20 / SEGUNDOS
2023-09-22 17:50:40,079 [main] INFO  com.tgr.selenium.abs.AbsTest - FIN    -----> ESPERA:20 / SEGUNDOS
2023-09-22 17:50:40,092 [main] INFO  com.tgr.selenium.abs.AbsTest - Captura de pantalla URL: https://autentica.tgr.cl/oauth2/authorize-front?client_id=5h1a258ujj2jj37e3gk1m0js9p&redirect_uri=https:%2F%2Fcentro-pagos.tgr.cl%2Flogin&response_type=token&providers=ClaveTesoreria,ClaveTributaria,ClaveUnica&sesion=true - Nombre imagen: Multas Fonasa.png
2023-09-22 17:50:45,353 [main] INFO  com.tgr.selenium.abs.AbsTest - INICIO -----> ESPERA:3 / SEGUNDOS
2023-09-22 17:50:48,355 [main] INFO  com.tgr.selenium.abs.AbsTest - FIN    -----> ESPERA:3 / SEGUNDOS
2023-09-22 17:50:48,375 [main] INFO  com.tgr.selenium.abs.AbsTest - INICIO -----> ESPERA:5 / SEGUNDOS
2023-09-22 17:50:53,377 [main] INFO  com.tgr.selenium.abs.AbsTest - FIN    -----> ESPERA:5 / SEGUNDOS
2023-09-22 17:50:53,387 [main] INFO  com.tgr.selenium.abs.AbsTest - Captura de pantalla URL: https://www.tgr.cl/patentes-derechos-de-agua-no-utilizados/ - Nombre imagen: Patentes Derechos de Agua No Utilizados.png
2023-09-22 17:50:57,207 [main] INFO  com.tgr.selenium.abs.AbsTest - INICIO -----> ESPERA:3 / SEGUNDOS
2023-09-22 17:51:00,209 [main] INFO  com.tgr.selenium.abs.AbsTest - FIN    -----> ESPERA:3 / SEGUNDOS
2023-09-22 17:51:00,230 [main] INFO  com.tgr.selenium.abs.AbsTest - INICIO -----> ESPERA:5 / SEGUNDOS
2023-09-22 17:51:05,244 [main] INFO  com.tgr.selenium.abs.AbsTest - FIN    -----> ESPERA:5 / SEGUNDOS
2023-09-22 17:51:05,252 [main] INFO  com.tgr.selenium.abs.AbsTest - Captura de pantalla URL: https://www.tgr.cl/tramites-tgr/oferta-economica-de-casinos/ - Nombre imagen: Oferta Economica Casinos Ley N0 19.995/2005.png
2023-09-22 17:51:08,890 [main] INFO  com.tgr.selenium.abs.AbsTest - INICIO -----> ESPERA:3 / SEGUNDOS
2023-09-22 17:51:11,894 [main] INFO  com.tgr.selenium.abs.AbsTest - FIN    -----> ESPERA:3 / SEGUNDOS
2023-09-22 17:51:11,911 [main] INFO  com.tgr.selenium.abs.AbsTest - INICIO -----> ESPERA:5 / SEGUNDOS
2023-09-22 17:51:16,918 [main] INFO  com.tgr.selenium.abs.AbsTest - FIN    -----> ESPERA:5 / SEGUNDOS
2023-09-22 17:51:16,927 [main] INFO  com.tgr.selenium.abs.AbsTest - Captura de pantalla URL: https://www.tgr.cl/tramites-tgr/f10-tribunal-de-cuentas/ - Nombre imagen: Tribunal de Cuentas.png
2023-09-22 17:51:19,185 [main] INFO  com.tgr.selenium.abs.AbsTest - INICIO -----> ESPERA:3 / SEGUNDOS
2023-09-22 17:51:22,188 [main] INFO  com.tgr.selenium.abs.AbsTest - FIN    -----> ESPERA:3 / SEGUNDOS
2023-09-22 17:51:22,203 [main] INFO  com.tgr.selenium.abs.AbsTest - INICIO -----> ESPERA:5 / SEGUNDOS
2023-09-22 17:51:27,205 [main] INFO  com.tgr.selenium.abs.AbsTest - FIN    -----> ESPERA:5 / SEGUNDOS
2023-09-22 17:51:27,216 [main] INFO  com.tgr.selenium.abs.AbsTest - Captura de pantalla URL: https://www.tgr.cl/tramites-tgr/f23-notarios-y-martilleros-publicos/ - Nombre imagen: Notarios y Martilleros Publicos.png
2023-09-22 17:51:28,613 [main] INFO  com.tgr.selenium.abs.AbsTest - INICIO -----> ESPERA:3 / SEGUNDOS
2023-09-22 17:51:31,615 [main] INFO  com.tgr.selenium.abs.AbsTest - FIN    -----> ESPERA:3 / SEGUNDOS
2023-09-22 17:51:31,633 [main] INFO  com.tgr.selenium.abs.AbsTest - INICIO -----> ESPERA:5 / SEGUNDOS
2023-09-22 17:51:36,642 [main] INFO  com.tgr.selenium.abs.AbsTest - FIN    -----> ESPERA:5 / SEGUNDOS
2023-09-22 17:51:36,657 [main] INFO  com.tgr.selenium.abs.AbsTest - Captura de pantalla URL: https://www.tgr.cl/patentes-mineras/ - Nombre imagen: Patentes Mineras.png
2023-09-22 17:51:38,713 [main] INFO  com.tgr.selenium.abs.AbsTest - INICIO -----> ESPERA:3 / SEGUNDOS
2023-09-22 17:51:41,717 [main] INFO  com.tgr.selenium.abs.AbsTest - FIN    -----> ESPERA:3 / SEGUNDOS
2023-09-22 17:51:41,735 [main] INFO  com.tgr.selenium.abs.AbsTest - INICIO -----> ESPERA:5 / SEGUNDOS
2023-09-22 17:51:46,746 [main] INFO  com.tgr.selenium.abs.AbsTest - FIN    -----> ESPERA:5 / SEGUNDOS
2023-09-22 17:51:46,790 [main] INFO  com.tgr.selenium.abs.AbsTest - Captura de pantalla URL: https://autentica.tgr.cl/oauth2/authorize-front?client_id=5h1a258ujj2jj37e3gk1m0js9p&redirect_uri=https:%2F%2Fcentro-pagos.tgr.cl%2Flogin&response_type=token&providers=ClaveTesoreria,ClaveTributaria,ClaveUnica&sesion=true - Nombre imagen: Multas Aplicadas a Casinos.png
2023-09-22 17:51:52,573 [main] INFO  com.tgr.selenium.abs.AbsTest - INICIO -----> ESPERA:3 / SEGUNDOS
2023-09-22 17:51:55,588 [main] INFO  com.tgr.selenium.abs.AbsTest - FIN    -----> ESPERA:3 / SEGUNDOS
2023-09-22 17:51:55,607 [main] INFO  com.tgr.selenium.abs.AbsTest - INICIO -----> ESPERA:5 / SEGUNDOS
2023-09-22 17:52:00,616 [main] INFO  com.tgr.selenium.abs.AbsTest - FIN    -----> ESPERA:5 / SEGUNDOS
2023-09-22 17:52:00,623 [main] INFO  com.tgr.selenium.abs.AbsTest - Captura de pantalla URL: https://www.tgr.cl/tramites-tgr/multas-juzgados/ - Nombre imagen: Multas Juzgados.png
2023-09-22 17:52:02,039 [main] INFO  com.tgr.selenium.abs.AbsTest - INICIO -----> ESPERA:3 / SEGUNDOS
2023-09-22 17:52:05,048 [main] INFO  com.tgr.selenium.abs.AbsTest - FIN    -----> ESPERA:3 / SEGUNDOS
2023-09-22 17:52:05,065 [main] INFO  com.tgr.selenium.abs.AbsTest - INICIO -----> ESPERA:5 / SEGUNDOS
2023-09-22 17:52:10,069 [main] INFO  com.tgr.selenium.abs.AbsTest - FIN    -----> ESPERA:5 / SEGUNDOS
2023-09-22 17:52:10,082 [main] INFO  com.tgr.selenium.abs.AbsTest - Captura de pantalla URL: https://www.tgr.cl/tramites-tgr/multas-subtel/ - Nombre imagen: Multas SUBTEL.png
2023-09-22 17:52:31,451 [main] INFO  com.tgr.selenium.abs.AbsTest - INICIO -----> ESPERA:3 / SEGUNDOS
2023-09-22 17:52:34,465 [main] INFO  com.tgr.selenium.abs.AbsTest - FIN    -----> ESPERA:3 / SEGUNDOS
2023-09-22 17:52:34,483 [main] INFO  com.tgr.selenium.abs.AbsTest - INICIO -----> ESPERA:5 / SEGUNDOS
2023-09-22 17:52:39,486 [main] INFO  com.tgr.selenium.abs.AbsTest - FIN    -----> ESPERA:5 / SEGUNDOS
2023-09-22 17:52:39,497 [main] INFO  com.tgr.selenium.abs.AbsTest - Captura de pantalla URL: https://www.tgr.cl/tramites-tgr/multas-ley-de-transparencia/ - Nombre imagen: Multas Ley de Transparencia.png
2023-09-22 17:52:40,984 [main] INFO  com.tgr.selenium.abs.AbsTest - INICIO -----> ESPERA:3 / SEGUNDOS
2023-09-22 17:52:43,987 [main] INFO  com.tgr.selenium.abs.AbsTest - FIN    -----> ESPERA:3 / SEGUNDOS
2023-09-22 17:52:44,002 [main] INFO  com.tgr.selenium.abs.AbsTest - INICIO -----> ESPERA:5 / SEGUNDOS
2023-09-22 17:52:49,006 [main] INFO  com.tgr.selenium.abs.AbsTest - FIN    -----> ESPERA:5 / SEGUNDOS
2023-09-22 17:52:49,013 [main] INFO  com.tgr.selenium.abs.AbsTest - Captura de pantalla URL: https://www.tgr.cl/tramites-tgr/pago-de-multas-aplicadas-por-servicios-publicos/ - Nombre imagen: Pago de Multas Aplicadas por Servicio Publico.png
2023-09-22 17:52:49,424 [main] INFO  com.tgr.selenium.abs.AbsTest - INICIANDO @AFTER tearDown():com.tgr.script.Prueba_web_menu_pagos_3_multas_tgr
]]></system-out>
    <system-err><![CDATA[Starting ChromeDriver 117.0.5938.62 (25a7172909a4cba7355365cf424d7d7eb35231f4-refs/branch-heads/5938@{#1146}) on port 33502
Only local connections are allowed.
Please see https://chromedriver.chromium.org/security-considerations for suggestions on keeping ChromeDriver safe.
ChromeDriver was started successfully.
sep. 22, 2023 5:49:45 P. M. org.openqa.selenium.remote.ProtocolHandshake createSession
INFO: Detected dialect: W3C
]]></system-err>
  </testcase>
</testsuite>