<?xml version="1.0" encoding="UTF-8"?>
<!-- Generated by org.testng.reporters.JUnitReportReporter -->
<testsuite hostname="Diego" failures="0" tests="1" name="com.tgr.script.tgr_web_prod" time="9.401" errors="0" timestamp="2025-06-02T12:09:31 GMT-04:00" skipped="0">
  <testcase classname="com.tgr.script.tgr_web_prod" name="test" time="9.401"/>
</testsuite> <!-- com.tgr.script.tgr_web_prod -->
